#
# A fatal error has been detected by the Java Runtime Environment:
#
#  Internal Error (javaClasses.cpp:129), pid=21816, tid=18960
#  fatal error: Invalid layout of preloaded class
#
# JRE version: 7.0_13-b20
# Java VM: Java HotSpot(TM) 64-Bit Server VM (23.7-b01 mixed mode windows-amd64 compressed oops)
# Failed to write core dump. Minidumps are not enabled by default on client versions of Windows
#
# If you would like to submit a bug report, please visit:
#   http://bugreport.sun.com/bugreport/crash.jsp
#

---------------  T H R E A D  ---------------

Current thread (0x000000000055d800):  JavaThread "Unknown thread" [_thread_in_vm, id=18960, stack(0x0000000002540000,0x0000000002640000)]

Stack: [0x0000000002540000,0x0000000002640000]

---------------  P R O C E S S  ---------------

Java Threads: ( => current thread )

Other Threads:

=>0x000000000055d800 (exited) JavaThread "Unknown thread" [_thread_in_vm, id=18960, stack(0x0000000002540000,0x0000000002640000)]

VM state:not at safepoint (not fully initialized)

VM Mutex/Monitor currently owned by a thread: None

GC Heap History (0 events):
No events

Deoptimization events (0 events):
No events

Internal exceptions (0 events):
No events

Events (10 events):
Event: 0.391 loading class 0x000000000236d440 done
Event: 0.392 loading class 0x00000000023234b0 done
Event: 0.392 loading class 0x0000000002323480
Event: 0.392 loading class 0x0000000002376c90
Event: 0.392 loading class 0x0000000002376c90 done
Event: 0.392 loading class 0x0000000002376cd0
Event: 0.392 loading class 0x0000000002376cd0 done
Event: 0.392 loading class 0x000000000238b7e0
Event: 0.392 loading class 0x000000000238b7e0 done
Event: 0.392 loading class 0x0000000002323480 done


Dynamic libraries:
0x000000013fcf0000 - 0x000000013fd23000 	C:\Program Files\Java\jre7\bin\javaw.exe
0x0000000077b40000 - 0x0000000077ce9000 	C:\Windows\SYSTEM32\ntdll.dll
0x0000000077a20000 - 0x0000000077b3f000 	C:\Windows\system32\kernel32.dll
0x000007fefcd10000 - 0x000007fefcd7b000 	C:\Windows\system32\KERNELBASE.dll
0x000007fefcda0000 - 0x000007fefce7b000 	C:\Windows\system32\ADVAPI32.dll
0x000007fefdf40000 - 0x000007fefdfdf000 	C:\Windows\system32\msvcrt.dll
0x000007fefe3f0000 - 0x000007fefe40f000 	C:\Windows\SYSTEM32\sechost.dll
0x000007fefe950000 - 0x000007fefea7d000 	C:\Windows\system32\RPCRT4.dll
0x0000000077920000 - 0x0000000077a1a000 	C:\Windows\system32\USER32.dll
0x000007fefe2a0000 - 0x000007fefe307000 	C:\Windows\system32\GDI32.dll
0x000007fefe410000 - 0x000007fefe41e000 	C:\Windows\system32\LPK.dll
0x000007fefe650000 - 0x000007fefe719000 	C:\Windows\system32\USP10.dll
0x000007fefaed0000 - 0x000007fefb0c4000 	C:\Windows\WinSxS\amd64_microsoft.windows.common-controls_6595b64144ccf1df_6.0.7601.17514_none_fa396087175ac9ac\COMCTL32.dll
0x000007fefe8d0000 - 0x000007fefe941000 	C:\Windows\system32\SHLWAPI.dll
0x000007fefdc10000 - 0x000007fefdc3e000 	C:\Windows\system32\IMM32.DLL
0x000007fefe7c0000 - 0x000007fefe8c9000 	C:\Windows\system32\MSCTF.dll
0x000007fefc920000 - 0x000007fefc964000 	C:\Windows\system32\nvinitx.dll
0x0000000060750000 - 0x0000000060821000 	C:\Program Files\Java\jre7\bin\msvcr100.dll
0x0000000060030000 - 0x000000006074f000 	C:\Program Files\Java\jre7\bin\server\jvm.dll
0x000007feee480000 - 0x000007feee489000 	C:\Windows\system32\WSOCK32.dll
0x000007fefe250000 - 0x000007fefe29d000 	C:\Windows\system32\WS2_32.dll
0x000007fefeff0000 - 0x000007fefeff8000 	C:\Windows\system32\NSI.dll
0x000007fefb1e0000 - 0x000007fefb21b000 	C:\Windows\system32\WINMM.dll
0x0000000077d10000 - 0x0000000077d17000 	C:\Windows\system32\PSAPI.DLL
0x00000000645c0000 - 0x00000000645cf000 	C:\Program Files\Java\jre7\bin\verify.dll
0x0000000064590000 - 0x00000000645b8000 	C:\Program Files\Java\jre7\bin\java.dll
0x0000000064570000 - 0x0000000064585000 	C:\Program Files\Java\jre7\bin\zip.dll

VM Arguments:
jvm_args: -Dfile.encoding=Cp1252 -Xbootclasspath:C:\Program Files (x86)\Android\android-sdk\platforms\android-17\android.jar 
java_command: com.resphere.android.test.Test
Launcher Type: SUN_STANDARD

Environment Variables:
JAVA_HOME=C:\Program Files\Java\jdk1.7.0_13
USERNAME=hp
OS=Windows_NT
PROCESSOR_IDENTIFIER=Intel64 Family 6 Model 58 Stepping 9, GenuineIntel



---------------  S Y S T E M  ---------------

OS: Windows 7 , 64 bit Build 7601 Service Pack 1

CPU:total 8 (4 cores per cpu, 2 threads per core) family 6 model 58 stepping 9, cmov, cx8, fxsr, mmx, sse, sse2, sse3, ssse3, sse4.1, sse4.2, popcnt, avx, ht, tsc, tscinvbit, tscinv

Memory: 4k page, physical 8285500k(1086088k free), swap 16569140k(5360628k free)

vm_info: Java HotSpot(TM) 64-Bit Server VM (23.7-b01) for windows-amd64 JRE (1.7.0_13-b20), built on Jan 30 2013 10:10:00 by "java_re" with unknown MS VC++:1600

time: Mon Jul 21 01:11:06 2014
elapsed time: 0 seconds

